2023-08-27 15:13:49,762 [Worker-5: Loading available Gradle versions] INFO  o.e.b.c.i.u.g.PublishedGradleVersions - Gradle version information cache is out-of-date. Trying to update.
2023-08-27 15:14:48,819 [Worker-13: Building] INFO  o.e.m.c.i.l.LifecycleMappingFactory - Using org.eclipse.m2e.jdt.JarLifecycleMapping lifecycle mapping for MavenProject: com.product:e-ComBackend3:0.0.1-SNAPSHOT @ C:\Users\HP\Desktop\Final_Proj\Backend_code\e-ComBackend1-1\pom.xml.
2023-08-27 15:15:06,810 [Worker-13: Building] INFO  o.e.m.c.i.embedder.EclipseLogger - Using 'UTF-8' encoding to copy filtered resources.
2023-08-27 15:15:06,810 [Worker-13: Building] INFO  o.e.m.c.i.embedder.EclipseLogger - Using 'UTF-8' encoding to copy filtered properties files.
2023-08-27 15:15:06,815 [Worker-13: Building] INFO  o.e.m.c.i.embedder.EclipseLogger - Copying 1 resource
2023-08-27 15:15:06,832 [Worker-13: Building] INFO  o.e.m.c.i.embedder.EclipseLogger - Copying 12 resources
2023-08-27 15:15:06,989 [Worker-13: Building] INFO  o.e.m.c.i.embedder.EclipseLogger - Using 'UTF-8' encoding to copy filtered resources.
2023-08-27 15:15:06,989 [Worker-13: Building] INFO  o.e.m.c.i.embedder.EclipseLogger - Using 'UTF-8' encoding to copy filtered properties files.
2023-08-27 15:15:06,990 [Worker-13: Building] INFO  o.e.m.c.i.embedder.EclipseLogger - skip non existing resourceDirectory C:\Users\HP\Desktop\Final_Proj\Backend_code\e-ComBackend1-1\src\test\resources
2023-08-27 15:15:38,531 [Worker-10: Building] INFO  o.e.m.c.i.embedder.EclipseLogger - Using 'UTF-8' encoding to copy filtered resources.
2023-08-27 15:15:38,532 [Worker-10: Building] INFO  o.e.m.c.i.embedder.EclipseLogger - Using 'UTF-8' encoding to copy filtered properties files.
2023-08-27 15:15:38,549 [Worker-10: Building] INFO  o.e.m.c.i.embedder.EclipseLogger - Copying 1 resource
2023-08-27 15:15:38,551 [Worker-10: Building] INFO  o.e.m.c.i.embedder.EclipseLogger - Copying 0 resource
2023-08-27 15:15:38,554 [Worker-10: Building] INFO  o.e.m.c.i.embedder.EclipseLogger - Using 'UTF-8' encoding to copy filtered resources.
2023-08-27 15:15:38,554 [Worker-10: Building] INFO  o.e.m.c.i.embedder.EclipseLogger - Using 'UTF-8' encoding to copy filtered properties files.
2023-08-27 15:15:38,555 [Worker-10: Building] INFO  o.e.m.c.i.embedder.EclipseLogger - skip non existing resourceDirectory C:\Users\HP\Desktop\Final_Proj\Backend_code\e-ComBackend1-1\src\test\resources
2023-08-28 00:23:23,341 [Worker-2: Loading available Gradle versions] INFO  o.e.b.c.i.u.g.PublishedGradleVersions - Gradle version information cache is up-to-date. Trying to read.
2023-08-28 00:24:51,168 [Worker-18: Building] INFO  o.e.m.c.i.embedder.EclipseLogger - Using 'UTF-8' encoding to copy filtered resources.
2023-08-28 00:24:51,181 [Worker-18: Building] INFO  o.e.m.c.i.embedder.EclipseLogger - Using 'UTF-8' encoding to copy filtered properties files.
2023-08-28 00:24:51,186 [Worker-18: Building] INFO  o.e.m.c.i.embedder.EclipseLogger - Copying 1 resource
2023-08-28 00:24:51,213 [Worker-18: Building] INFO  o.e.m.c.i.embedder.EclipseLogger - Copying 12 resources
2023-08-28 00:24:51,305 [Worker-18: Building] INFO  o.e.m.c.i.embedder.EclipseLogger - Using 'UTF-8' encoding to copy filtered resources.
2023-08-28 00:24:51,305 [Worker-18: Building] INFO  o.e.m.c.i.embedder.EclipseLogger - Using 'UTF-8' encoding to copy filtered properties files.
2023-08-28 00:24:51,305 [Worker-18: Building] INFO  o.e.m.c.i.embedder.EclipseLogger - skip non existing resourceDirectory C:\Users\HP\Desktop\Final_Proj\Backend_code\e-ComBackend1-1\src\test\resources
2023-08-28 10:46:18,422 [Worker-1: Loading available Gradle versions] INFO  o.e.b.c.i.u.g.PublishedGradleVersions - Gradle version information cache is up-to-date. Trying to read.
2023-08-28 11:04:19,287 [Worker-33: Building] INFO  o.e.m.c.i.embedder.EclipseLogger - Using 'UTF-8' encoding to copy filtered resources.
2023-08-28 11:04:19,299 [Worker-33: Building] INFO  o.e.m.c.i.embedder.EclipseLogger - Using 'UTF-8' encoding to copy filtered properties files.
2023-08-28 11:04:19,305 [Worker-33: Building] INFO  o.e.m.c.i.embedder.EclipseLogger - Copying 1 resource
2023-08-28 11:04:19,327 [Worker-33: Building] INFO  o.e.m.c.i.embedder.EclipseLogger - Copying 12 resources
2023-08-28 11:04:19,336 [Worker-33: Building] INFO  o.e.m.c.i.embedder.EclipseLogger - Using 'UTF-8' encoding to copy filtered resources.
2023-08-28 11:04:19,336 [Worker-33: Building] INFO  o.e.m.c.i.embedder.EclipseLogger - Using 'UTF-8' encoding to copy filtered properties files.
2023-08-28 11:04:19,336 [Worker-33: Building] INFO  o.e.m.c.i.embedder.EclipseLogger - skip non existing resourceDirectory C:\Users\HP\Desktop\Final_Proj\Backend_code\e-ComBackend1-1\src\test\resources
2023-08-28 11:08:44,755 [Worker-32: Building] INFO  o.e.m.c.i.embedder.EclipseLogger - Using 'UTF-8' encoding to copy filtered resources.
2023-08-28 11:08:44,755 [Worker-32: Building] INFO  o.e.m.c.i.embedder.EclipseLogger - Using 'UTF-8' encoding to copy filtered properties files.
2023-08-28 11:08:44,762 [Worker-32: Building] INFO  o.e.m.c.i.embedder.EclipseLogger - Copying 1 resource
2023-08-28 11:08:44,777 [Worker-32: Building] INFO  o.e.m.c.i.embedder.EclipseLogger - Copying 12 resources
2023-08-28 11:08:44,782 [Worker-32: Building] INFO  o.e.m.c.i.embedder.EclipseLogger - Using 'UTF-8' encoding to copy filtered resources.
2023-08-28 11:08:44,782 [Worker-32: Building] INFO  o.e.m.c.i.embedder.EclipseLogger - Using 'UTF-8' encoding to copy filtered properties files.
2023-08-28 11:08:44,782 [Worker-32: Building] INFO  o.e.m.c.i.embedder.EclipseLogger - skip non existing resourceDirectory C:\Users\HP\Desktop\Final_Proj\Backend_code\e-ComBackend1-1\src\test\resources
2023-08-28 11:09:21,860 [Worker-36: Building] INFO  o.e.m.c.i.embedder.EclipseLogger - Using 'UTF-8' encoding to copy filtered resources.
2023-08-28 11:09:21,860 [Worker-36: Building] INFO  o.e.m.c.i.embedder.EclipseLogger - Using 'UTF-8' encoding to copy filtered properties files.
2023-08-28 11:09:21,862 [Worker-36: Building] INFO  o.e.m.c.i.embedder.EclipseLogger - Copying 1 resource
2023-08-28 11:09:21,884 [Worker-36: Building] INFO  o.e.m.c.i.embedder.EclipseLogger - Copying 12 resources
2023-08-28 11:09:21,892 [Worker-36: Building] INFO  o.e.m.c.i.embedder.EclipseLogger - Using 'UTF-8' encoding to copy filtered resources.
2023-08-28 11:09:21,892 [Worker-36: Building] INFO  o.e.m.c.i.embedder.EclipseLogger - Using 'UTF-8' encoding to copy filtered properties files.
2023-08-28 11:09:21,892 [Worker-36: Building] INFO  o.e.m.c.i.embedder.EclipseLogger - skip non existing resourceDirectory C:\Users\HP\Desktop\Final_Proj\Backend_code\e-ComBackend1-1\src\test\resources
2023-08-28 13:19:13,793 [Worker-37: Building] INFO  o.e.m.c.i.embedder.EclipseLogger - Using 'UTF-8' encoding to copy filtered resources.
2023-08-28 13:19:13,793 [Worker-37: Building] INFO  o.e.m.c.i.embedder.EclipseLogger - Using 'UTF-8' encoding to copy filtered properties files.
2023-08-28 13:19:13,795 [Worker-37: Building] INFO  o.e.m.c.i.embedder.EclipseLogger - Copying 1 resource
2023-08-28 13:19:13,808 [Worker-37: Building] INFO  o.e.m.c.i.embedder.EclipseLogger - Copying 12 resources
2023-08-28 13:19:13,814 [Worker-37: Building] INFO  o.e.m.c.i.embedder.EclipseLogger - Using 'UTF-8' encoding to copy filtered resources.
2023-08-28 13:19:13,814 [Worker-37: Building] INFO  o.e.m.c.i.embedder.EclipseLogger - Using 'UTF-8' encoding to copy filtered properties files.
2023-08-28 13:19:13,815 [Worker-37: Building] INFO  o.e.m.c.i.embedder.EclipseLogger - skip non existing resourceDirectory C:\Users\HP\Desktop\Final_Proj\Backend_code\e-ComBackend1-1\src\test\resources
2023-08-28 14:21:32,635 [Worker-54: Building] INFO  o.e.m.c.i.embedder.EclipseLogger - Using 'UTF-8' encoding to copy filtered resources.
2023-08-28 14:21:32,636 [Worker-54: Building] INFO  o.e.m.c.i.embedder.EclipseLogger - Using 'UTF-8' encoding to copy filtered properties files.
2023-08-28 14:21:32,638 [Worker-54: Building] INFO  o.e.m.c.i.embedder.EclipseLogger - Copying 1 resource
2023-08-28 14:21:32,652 [Worker-54: Building] INFO  o.e.m.c.i.embedder.EclipseLogger - Copying 12 resources
2023-08-28 14:21:32,660 [Worker-54: Building] INFO  o.e.m.c.i.embedder.EclipseLogger - Using 'UTF-8' encoding to copy filtered resources.
2023-08-28 14:21:32,660 [Worker-54: Building] INFO  o.e.m.c.i.embedder.EclipseLogger - Using 'UTF-8' encoding to copy filtered properties files.
2023-08-28 14:21:32,660 [Worker-54: Building] INFO  o.e.m.c.i.embedder.EclipseLogger - skip non existing resourceDirectory C:\Users\HP\Desktop\Final_Proj\Backend_code\e-ComBackend1-1\src\test\resources
2023-08-28 14:41:03,908 [Worker-56: Building] INFO  o.e.m.c.i.embedder.EclipseLogger - Using 'UTF-8' encoding to copy filtered resources.
2023-08-28 14:41:03,908 [Worker-56: Building] INFO  o.e.m.c.i.embedder.EclipseLogger - Using 'UTF-8' encoding to copy filtered properties files.
2023-08-28 14:41:03,909 [Worker-56: Building] INFO  o.e.m.c.i.embedder.EclipseLogger - Copying 1 resource
2023-08-28 14:41:03,918 [Worker-56: Building] INFO  o.e.m.c.i.embedder.EclipseLogger - Copying 12 resources
2023-08-28 14:41:03,923 [Worker-56: Building] INFO  o.e.m.c.i.embedder.EclipseLogger - Using 'UTF-8' encoding to copy filtered resources.
2023-08-28 14:41:03,923 [Worker-56: Building] INFO  o.e.m.c.i.embedder.EclipseLogger - Using 'UTF-8' encoding to copy filtered properties files.
2023-08-28 14:41:03,923 [Worker-56: Building] INFO  o.e.m.c.i.embedder.EclipseLogger - skip non existing resourceDirectory C:\Users\HP\Desktop\Final_Proj\Backend_code\e-ComBackend1-1\src\test\resources
2023-08-28 16:46:28,344 [Worker-64: Building] INFO  o.e.m.c.i.embedder.EclipseLogger - Using 'UTF-8' encoding to copy filtered resources.
2023-08-28 16:46:28,344 [Worker-64: Building] INFO  o.e.m.c.i.embedder.EclipseLogger - Using 'UTF-8' encoding to copy filtered properties files.
2023-08-28 16:46:28,360 [Worker-64: Building] INFO  o.e.m.c.i.embedder.EclipseLogger - Copying 1 resource
2023-08-28 16:46:28,376 [Worker-64: Building] INFO  o.e.m.c.i.embedder.EclipseLogger - Copying 12 resources
2023-08-28 16:46:28,380 [Worker-64: Building] INFO  o.e.m.c.i.embedder.EclipseLogger - Using 'UTF-8' encoding to copy filtered resources.
2023-08-28 16:46:28,380 [Worker-64: Building] INFO  o.e.m.c.i.embedder.EclipseLogger - Using 'UTF-8' encoding to copy filtered properties files.
2023-08-28 16:46:28,380 [Worker-64: Building] INFO  o.e.m.c.i.embedder.EclipseLogger - skip non existing resourceDirectory C:\Users\HP\Desktop\Final_Proj\Backend_code\e-ComBackend1-1\src\test\resources
2023-08-28 17:23:37,622 [Worker-2: Loading available Gradle versions] INFO  o.e.b.c.i.u.g.PublishedGradleVersions - Gradle version information cache is out-of-date. Trying to update.
2023-08-28 17:23:38,830 [Worker-2: Loading available Gradle versions] INFO  o.e.b.c.i.u.g.PublishedGradleVersions - Updating Gradle version information cache failed. Using outdated cache.
2023-08-28 17:29:28,653 [Worker-7: Loading available Gradle versions] INFO  o.e.b.c.i.u.g.PublishedGradleVersions - Gradle version information cache is out-of-date. Trying to update.
2023-08-28 17:29:29,057 [Worker-7: Loading available Gradle versions] INFO  o.e.b.c.i.u.g.PublishedGradleVersions - Updating Gradle version information cache failed. Using outdated cache.
2023-08-28 17:37:37,977 [Worker-0: Loading available Gradle versions] INFO  o.e.b.c.i.u.g.PublishedGradleVersions - Gradle version information cache is out-of-date. Trying to update.
2023-08-28 17:44:19,245 [Worker-9: Launching EComBackend13Application] INFO  o.e.m.c.i.embedder.EclipseLogger - Using 'UTF-8' encoding to copy filtered resources.
2023-08-28 17:44:19,259 [Worker-9: Launching EComBackend13Application] INFO  o.e.m.c.i.embedder.EclipseLogger - Using 'UTF-8' encoding to copy filtered properties files.
2023-08-28 17:44:19,286 [Worker-9: Launching EComBackend13Application] INFO  o.e.m.c.i.embedder.EclipseLogger - Copying 1 resource
2023-08-28 17:44:19,307 [Worker-9: Launching EComBackend13Application] INFO  o.e.m.c.i.embedder.EclipseLogger - Copying 12 resources
2023-08-28 17:44:19,559 [Worker-9: Launching EComBackend13Application] INFO  o.e.m.c.i.embedder.EclipseLogger - Using 'UTF-8' encoding to copy filtered resources.
2023-08-28 17:44:19,559 [Worker-9: Launching EComBackend13Application] INFO  o.e.m.c.i.embedder.EclipseLogger - Using 'UTF-8' encoding to copy filtered properties files.
2023-08-28 17:44:19,559 [Worker-9: Launching EComBackend13Application] INFO  o.e.m.c.i.embedder.EclipseLogger - skip non existing resourceDirectory C:\Users\HP\Desktop\Final_Proj\Backend_code\e-ComBackend1-1\src\test\resources
2023-08-28 17:50:44,907 [Worker-25: Building] INFO  o.e.m.c.i.embedder.EclipseLogger - Using 'UTF-8' encoding to copy filtered resources.
2023-08-28 17:50:44,907 [Worker-25: Building] INFO  o.e.m.c.i.embedder.EclipseLogger - Using 'UTF-8' encoding to copy filtered properties files.
2023-08-28 17:50:44,928 [Worker-25: Building] INFO  o.e.m.c.i.embedder.EclipseLogger - Copying 1 resource
2023-08-28 17:50:44,934 [Worker-25: Building] INFO  o.e.m.c.i.embedder.EclipseLogger - Copying 0 resource
2023-08-28 17:50:44,937 [Worker-25: Building] INFO  o.e.m.c.i.embedder.EclipseLogger - Using 'UTF-8' encoding to copy filtered resources.
2023-08-28 17:50:44,937 [Worker-25: Building] INFO  o.e.m.c.i.embedder.EclipseLogger - Using 'UTF-8' encoding to copy filtered properties files.
2023-08-28 17:50:44,937 [Worker-25: Building] INFO  o.e.m.c.i.embedder.EclipseLogger - skip non existing resourceDirectory C:\Users\HP\Desktop\Final_Proj\Backend_code\e-ComBackend1-1\src\test\resources
2023-08-28 17:57:39,894 [Worker-27: Building] INFO  o.e.m.c.i.embedder.EclipseLogger - Using 'UTF-8' encoding to copy filtered resources.
2023-08-28 17:57:39,894 [Worker-27: Building] INFO  o.e.m.c.i.embedder.EclipseLogger - Using 'UTF-8' encoding to copy filtered properties files.
2023-08-28 17:57:39,925 [Worker-27: Building] INFO  o.e.m.c.i.embedder.EclipseLogger - Copying 1 resource
2023-08-28 17:57:39,933 [Worker-27: Building] INFO  o.e.m.c.i.embedder.EclipseLogger - Copying 12 resources
2023-08-28 17:57:39,937 [Worker-27: Building] INFO  o.e.m.c.i.embedder.EclipseLogger - Using 'UTF-8' encoding to copy filtered resources.
2023-08-28 17:57:39,937 [Worker-27: Building] INFO  o.e.m.c.i.embedder.EclipseLogger - Using 'UTF-8' encoding to copy filtered properties files.
2023-08-28 17:57:39,937 [Worker-27: Building] INFO  o.e.m.c.i.embedder.EclipseLogger - skip non existing resourceDirectory C:\Users\HP\Desktop\Final_Proj\Backend_code\e-ComBackend1-1\src\test\resources
2023-08-28 18:20:02,351 [Worker-35: Building] INFO  o.e.m.c.i.embedder.EclipseLogger - Using 'UTF-8' encoding to copy filtered resources.
2023-08-28 18:20:02,351 [Worker-35: Building] INFO  o.e.m.c.i.embedder.EclipseLogger - Using 'UTF-8' encoding to copy filtered properties files.
2023-08-28 18:20:02,352 [Worker-35: Building] INFO  o.e.m.c.i.embedder.EclipseLogger - Copying 1 resource
2023-08-28 18:20:02,358 [Worker-35: Building] INFO  o.e.m.c.i.embedder.EclipseLogger - Copying 12 resources
2023-08-28 18:20:02,363 [Worker-35: Building] INFO  o.e.m.c.i.embedder.EclipseLogger - Using 'UTF-8' encoding to copy filtered resources.
2023-08-28 18:20:02,363 [Worker-35: Building] INFO  o.e.m.c.i.embedder.EclipseLogger - Using 'UTF-8' encoding to copy filtered properties files.
2023-08-28 18:20:02,363 [Worker-35: Building] INFO  o.e.m.c.i.embedder.EclipseLogger - skip non existing resourceDirectory C:\Users\HP\Desktop\Final_Proj\Backend_code\e-ComBackend1-1\src\test\resources
2023-08-28 18:31:54,618 [Worker-37: Building] INFO  o.e.m.c.i.embedder.EclipseLogger - Using 'UTF-8' encoding to copy filtered resources.
2023-08-28 18:31:54,619 [Worker-37: Building] INFO  o.e.m.c.i.embedder.EclipseLogger - Using 'UTF-8' encoding to copy filtered properties files.
2023-08-28 18:31:54,619 [Worker-37: Building] INFO  o.e.m.c.i.embedder.EclipseLogger - Copying 1 resource
2023-08-28 18:31:54,633 [Worker-37: Building] INFO  o.e.m.c.i.embedder.EclipseLogger - Copying 0 resource
2023-08-28 18:31:54,636 [Worker-37: Building] INFO  o.e.m.c.i.embedder.EclipseLogger - Using 'UTF-8' encoding to copy filtered resources.
2023-08-28 18:31:54,636 [Worker-37: Building] INFO  o.e.m.c.i.embedder.EclipseLogger - Using 'UTF-8' encoding to copy filtered properties files.
2023-08-28 18:31:54,636 [Worker-37: Building] INFO  o.e.m.c.i.embedder.EclipseLogger - skip non existing resourceDirectory C:\Users\HP\Desktop\Final_Proj\Backend_code\e-ComBackend1-1\src\test\resources
